Performing C SOURCE FILE Test CMAKE_HAVE_LIBC_PTHREAD failed with the following output:
Change Dir: /home/pco2699/ghq/github.com/pco2699/introduction-to-operating-systems/project1/problem2/build/CMakeFiles/CMakeTmp

Run Build Command(s):/usr/bin/make cmTC_47e97/fast && /usr/bin/make -f CMakeFiles/cmTC_47e97.dir/build.make CMakeFiles/cmTC_47e97.dir/build
make[1]: Entering directory '/home/pco2699/ghq/github.com/pco2699/introduction-to-operating-systems/project1/problem2/build/CMakeFiles/CMakeTmp'
Building C object CMakeFiles/cmTC_47e97.dir/src.c.o
/bin/x86_64-linux-gnu-gcc-9   -DCMAKE_HAVE_LIBC_PTHREAD   -o CMakeFiles/cmTC_47e97.dir/src.c.o   -c /home/pco2699/ghq/github.com/pco2699/introduction-to-operating-systems/project1/problem2/build/CMakeFiles/CMakeTmp/src.c
Linking C executable cmTC_47e97
/usr/bin/cmake -E cmake_link_script CMakeFiles/cmTC_47e97.dir/link.txt --verbose=1
/bin/x86_64-linux-gnu-gcc-9  -DCMAKE_HAVE_LIBC_PTHREAD    -rdynamic CMakeFiles/cmTC_47e97.dir/src.c.o  -o cmTC_47e97 
/usr/bin/ld: CMakeFiles/cmTC_47e97.dir/src.c.o: in function `main':
src.c:(.text+0x46): undefined reference to `pthread_create'
/usr/bin/ld: src.c:(.text+0x52): undefined reference to `pthread_detach'
/usr/bin/ld: src.c:(.text+0x63): undefined reference to `pthread_join'
collect2: error: ld returned 1 exit status
make[1]: *** [CMakeFiles/cmTC_47e97.dir/build.make:87: cmTC_47e97] Error 1
make[1]: Leaving directory '/home/pco2699/ghq/github.com/pco2699/introduction-to-operating-systems/project1/problem2/build/CMakeFiles/CMakeTmp'
make: *** [Makefile:121: cmTC_47e97/fast] Error 2


Source file was:
#include <pthread.h>

void* test_func(void* data)
{
  return data;
}

int main(void)
{
  pthread_t thread;
  pthread_create(&thread, NULL, test_func, NULL);
  pthread_detach(thread);
  pthread_join(thread, NULL);
  pthread_atfork(NULL, NULL, NULL);
  pthread_exit(NULL);

  return 0;
}

